<?xml version="1.0" encoding="UTF-8"?>
<coverage generated="1654273682205" clover="3.2.0">
  <project timestamp="1654273682205" name="All files">
    <metrics statements="30" coveredstatements="30" conditionals="10" coveredconditionals="10" methods="13" coveredmethods="13" elements="53" coveredelements="53" complexity="0" loc="30" ncloc="30" packages="1" files="4" classes="4"/>
    <file name="BookInventory.js" path="/Users/kmadavan/Documents/repos/mkesavan13/js-code-challenges/src/BookInventory.js">
      <metrics statements="13" coveredstatements="13" conditionals="6" coveredconditionals="6" methods="5" coveredmethods="5"/>
      <line num="13" count="10" type="stmt"/>
      <line num="14" count="10" type="stmt"/>
      <line num="15" count="10" type="stmt"/>
      <line num="16" count="10" type="stmt"/>
      <line num="20" count="3" type="stmt"/>
      <line num="31" count="3" type="stmt"/>
      <line num="32" count="3" type="cond" truecount="2" falsecount="0"/>
      <line num="33" count="1" type="stmt"/>
      <line num="35" count="2" type="cond" truecount="2" falsecount="0"/>
      <line num="36" count="1" type="stmt"/>
      <line num="39" count="1" type="stmt"/>
      <line num="49" count="4" type="stmt"/>
      <line num="58" count="2" type="stmt"/>
    </file>
    <file name="DinnerMenu.js" path="/Users/kmadavan/Documents/repos/mkesavan13/js-code-challenges/src/DinnerMenu.js">
      <metrics statements="8" coveredstatements="8" conditionals="4" coveredconditionals="4" methods="4" coveredmethods="4"/>
      <line num="11" count="8" type="stmt"/>
      <line num="12" count="8" type="stmt"/>
      <line num="18" count="2" type="stmt"/>
      <line num="19" count="2" type="stmt"/>
      <line num="20" count="8" type="stmt"/>
      <line num="32" count="2" type="cond" truecount="2" falsecount="0"/>
      <line num="33" count="1" type="stmt"/>
      <line num="36" count="4" type="stmt"/>
    </file>
    <file name="Movie.js" path="/Users/kmadavan/Documents/repos/mkesavan13/js-code-challenges/src/Movie.js">
      <metrics statements="6" coveredstatements="6" conditionals="0" coveredconditionals="0" methods="2" coveredmethods="2"/>
      <line num="10" count="1" type="stmt"/>
      <line num="11" count="1" type="stmt"/>
      <line num="12" count="1" type="stmt"/>
      <line num="13" count="1" type="stmt"/>
      <line num="14" count="1" type="stmt"/>
      <line num="23" count="1" type="stmt"/>
    </file>
    <file name="TechnicalBook.js" path="/Users/kmadavan/Documents/repos/mkesavan13/js-code-challenges/src/TechnicalBook.js">
      <metrics statements="3" coveredstatements="3" conditionals="0" coveredconditionals="0" methods="2" coveredmethods="2"/>
      <line num="15" count="1" type="stmt"/>
      <line num="16" count="1" type="stmt"/>
      <line num="24" count="1" type="stmt"/>
    </file>
  </project>
</coverage>
