{"/Users/runner/work/js-code-challenges/js-code-challenges/src/BookInventory.js": {"path":"/Users/runner/work/js-code-challenges/js-code-challenges/src/BookInventory.js","statementMap":{"0":{"start":{"line":13,"column":8},"end":{"line":13,"column":27}},"1":{"start":{"line":14,"column":8},"end":{"line":14,"column":29}},"2":{"start":{"line":15,"column":8},"end":{"line":15,"column":25}},"3":{"start":{"line":16,"column":8},"end":{"line":16,"column":35}},"4":{"start":{"line":20,"column":8},"end":{"line":20,"column":38}},"5":{"start":{"line":31,"column":24},"end":{"line":31,"column":38}},"6":{"start":{"line":32,"column":8},"end":{"line":40,"column":9}},"7":{"start":{"line":33,"column":12},"end":{"line":33,"column":34}},"8":{"start":{"line":35,"column":13},"end":{"line":40,"column":9}},"9":{"start":{"line":36,"column":12},"end":{"line":36,"column":31}},"10":{"start":{"line":39,"column":12},"end":{"line":39,"column":30}},"11":{"start":{"line":49,"column":8},"end":{"line":49,"column":34}},"12":{"start":{"line":58,"column":8},"end":{"line":58,"column":36}}},"fnMap":{"0":{"name":"(anonymous_0)","decl":{"start":{"line":12,"column":4},"end":{"line":12,"column":5}},"loc":{"start":{"line":12,"column":49},"end":{"line":17,"column":5}},"line":12},"1":{"name":"(anonymous_1)","decl":{"start":{"line":19,"column":4},"end":{"line":19,"column":5}},"loc":{"start":{"line":19,"column":22},"end":{"line":21,"column":5}},"line":19},"2":{"name":"(anonymous_2)","decl":{"start":{"line":30,"column":4},"end":{"line":30,"column":5}},"loc":{"start":{"line":30,"column":21},"end":{"line":41,"column":5}},"line":30},"3":{"name":"(anonymous_3)","decl":{"start":{"line":48,"column":4},"end":{"line":48,"column":5}},"loc":{"start":{"line":48,"column":21},"end":{"line":50,"column":5}},"line":48},"4":{"name":"(anonymous_4)","decl":{"start":{"line":57,"column":4},"end":{"line":57,"column":5}},"loc":{"start":{"line":57,"column":26},"end":{"line":59,"column":5}},"line":57}},"branchMap":{"0":{"loc":{"start":{"line":32,"column":8},"end":{"line":40,"column":9}},"type":"if","locations":[{"start":{"line":32,"column":8},"end":{"line":40,"column":9}},{"start":{"line":35,"column":13},"end":{"line":40,"column":9}}],"line":32},"1":{"loc":{"start":{"line":35,"column":13},"end":{"line":40,"column":9}},"type":"if","locations":[{"start":{"line":35,"column":13},"end":{"line":40,"column":9}},{"start":{"line":38,"column":12},"end":{"line":40,"column":9}}],"line":35},"2":{"loc":{"start":{"line":48,"column":9},"end":{"line":48,"column":20}},"type":"default-arg","locations":[{"start":{"line":48,"column":19},"end":{"line":48,"column":20}}],"line":48},"3":{"loc":{"start":{"line":57,"column":12},"end":{"line":57,"column":25}},"type":"default-arg","locations":[{"start":{"line":57,"column":24},"end":{"line":57,"column":25}}],"line":57}},"s":{"0":10,"1":10,"2":10,"3":10,"4":3,"5":3,"6":3,"7":1,"8":2,"9":1,"10":1,"11":4,"12":2},"f":{"0":10,"1":3,"2":3,"3":4,"4":2},"b":{"0":[1,2],"1":[1,1],"2":[1],"3":[1]},"_coverageSchema":"1a1c01bbd47fc00a2c39e90264f33305004495a9","hash":"4e2db2b91d791115de2bf107ee18df6262d8978b"}
,"/Users/runner/work/js-code-challenges/js-code-challenges/src/DinnerMenu.js": {"path":"/Users/runner/work/js-code-challenges/js-code-challenges/src/DinnerMenu.js","statementMap":{"0":{"start":{"line":11,"column":8},"end":{"line":11,"column":25}},"1":{"start":{"line":12,"column":8},"end":{"line":12,"column":41}},"2":{"start":{"line":18,"column":8},"end":{"line":18,"column":25}},"3":{"start":{"line":19,"column":8},"end":{"line":21,"column":9}},"4":{"start":{"line":20,"column":12},"end":{"line":20,"column":49}},"5":{"start":{"line":32,"column":8},"end":{"line":37,"column":9}},"6":{"start":{"line":33,"column":12},"end":{"line":33,"column":31}},"7":{"start":{"line":36,"column":12},"end":{"line":36,"column":67}},"8":{"start":{"line":36,"column":48},"end":{"line":36,"column":65}}},"fnMap":{"0":{"name":"(anonymous_0)","decl":{"start":{"line":10,"column":4},"end":{"line":10,"column":5}},"loc":{"start":{"line":10,"column":37},"end":{"line":13,"column":5}},"line":10},"1":{"name":"(anonymous_1)","decl":{"start":{"line":17,"column":4},"end":{"line":17,"column":5}},"loc":{"start":{"line":17,"column":23},"end":{"line":22,"column":5}},"line":17},"2":{"name":"(anonymous_2)","decl":{"start":{"line":31,"column":4},"end":{"line":31,"column":5}},"loc":{"start":{"line":31,"column":40},"end":{"line":38,"column":5}},"line":31},"3":{"name":"(anonymous_3)","decl":{"start":{"line":36,"column":38},"end":{"line":36,"column":39}},"loc":{"start":{"line":36,"column":48},"end":{"line":36,"column":65}},"line":36}},"branchMap":{"0":{"loc":{"start":{"line":31,"column":12},"end":{"line":31,"column":39}},"type":"default-arg","locations":[{"start":{"line":31,"column":37},"end":{"line":31,"column":39}}],"line":31},"1":{"loc":{"start":{"line":31,"column":13},"end":{"line":31,"column":33}},"type":"default-arg","locations":[{"start":{"line":31,"column":28},"end":{"line":31,"column":33}}],"line":31},"2":{"loc":{"start":{"line":32,"column":8},"end":{"line":37,"column":9}},"type":"if","locations":[{"start":{"line":32,"column":8},"end":{"line":37,"column":9}},{"start":{"line":35,"column":12},"end":{"line":37,"column":9}}],"line":32}},"s":{"0":8,"1":8,"2":2,"3":2,"4":8,"5":2,"6":1,"7":1,"8":4},"f":{"0":8,"1":2,"2":2,"3":4},"b":{"0":[1],"1":[1],"2":[1,1]},"_coverageSchema":"1a1c01bbd47fc00a2c39e90264f33305004495a9","hash":"8e929f7e07755a8c25cd103879e33524765bd13b"}
,"/Users/runner/work/js-code-challenges/js-code-challenges/src/Movie.js": {"path":"/Users/runner/work/js-code-challenges/js-code-challenges/src/Movie.js","statementMap":{"0":{"start":{"line":10,"column":8},"end":{"line":10,"column":27}},"1":{"start":{"line":11,"column":8},"end":{"line":11,"column":33}},"2":{"start":{"line":12,"column":8},"end":{"line":12,"column":27}},"3":{"start":{"line":13,"column":8},"end":{"line":13,"column":39}},"4":{"start":{"line":14,"column":8},"end":{"line":14,"column":29}},"5":{"start":{"line":23,"column":8},"end":{"line":23,"column":159}}},"fnMap":{"0":{"name":"(anonymous_0)","decl":{"start":{"line":9,"column":4},"end":{"line":9,"column":5}},"loc":{"start":{"line":9,"column":62},"end":{"line":15,"column":5}},"line":9},"1":{"name":"(anonymous_1)","decl":{"start":{"line":22,"column":4},"end":{"line":22,"column":5}},"loc":{"start":{"line":22,"column":17},"end":{"line":24,"column":5}},"line":22}},"branchMap":{},"s":{"0":1,"1":1,"2":1,"3":1,"4":1,"5":1},"f":{"0":1,"1":1},"b":{},"_coverageSchema":"1a1c01bbd47fc00a2c39e90264f33305004495a9","hash":"0394b91afe23844092ec8f11896682b345a386fe"}
,"/Users/runner/work/js-code-challenges/js-code-challenges/src/Sum.js": {"path":"/Users/runner/work/js-code-challenges/js-code-challenges/src/Sum.js","statementMap":{"0":{"start":{"line":2,"column":4},"end":{"line":2,"column":15}}},"fnMap":{"0":{"name":"Sum","decl":{"start":{"line":1,"column":24},"end":{"line":1,"column":27}},"loc":{"start":{"line":1,"column":32},"end":{"line":3,"column":1}},"line":1}},"branchMap":{},"s":{"0":1},"f":{"0":1},"b":{},"_coverageSchema":"1a1c01bbd47fc00a2c39e90264f33305004495a9","hash":"5c65877f700f47f15b89cea8b6c6172d50b973fa"}
,"/Users/runner/work/js-code-challenges/js-code-challenges/src/TechnicalBook.js": {"path":"/Users/runner/work/js-code-challenges/js-code-challenges/src/TechnicalBook.js","statementMap":{"0":{"start":{"line":9,"column":8},"end":{"line":9,"column":48}},"1":{"start":{"line":10,"column":8},"end":{"line":10,"column":31}},"2":{"start":{"line":18,"column":8},"end":{"line":18,"column":68}}},"fnMap":{"0":{"name":"(anonymous_0)","decl":{"start":{"line":8,"column":4},"end":{"line":8,"column":5}},"loc":{"start":{"line":8,"column":58},"end":{"line":11,"column":5}},"line":8},"1":{"name":"(anonymous_1)","decl":{"start":{"line":17,"column":4},"end":{"line":17,"column":5}},"loc":{"start":{"line":17,"column":16},"end":{"line":19,"column":5}},"line":17}},"branchMap":{},"s":{"0":1,"1":1,"2":1},"f":{"0":1,"1":1},"b":{},"_coverageSchema":"1a1c01bbd47fc00a2c39e90264f33305004495a9","hash":"0c208c4174e9675722d349019b7f476e7ab7ae46"}
}
